<?xml version="1.0" encoding="UTF-8"?>
<testsuite xmlns:xsi="http://www.w3.org/2001/XMLSchema-instance" xsi:noNamespaceSchemaLocation="https://maven.apache.org/surefire/maven-surefire-plugin/xsd/surefire-test-report-3.0.xsd" version="3.0" name="CalculatorTest" time="0.071" tests="9" errors="0" skipped="0" failures="0">
  <properties>
[...]
</properties>
  <testcase name="testSubtractWithAssertTrue" classname="CalculatorTest" time="0.022"/>
  <testcase name="testDivideByZero" classname="CalculatorTest" time="0.006"/>
  <testcase name="testAdd" classname="CalculatorTest" time="0.001"/>
  <testcase name="testSubtract" classname="CalculatorTest" time="0.001"/>
  <testcase name="testAddWithAssertTrue" classname="CalculatorTest" time="0.0"/>
  <testcase name="testMultiplyWithAssertTrue" classname="CalculatorTest" time="0.001"/>
  <testcase name="testDivideWithAssertTrue" classname="CalculatorTest" time="0.001"/>
  <testcase name="testDivide" classname="CalculatorTest" time="0.001"/>
  <testcase name="testMultiply" classname="CalculatorTest" time="0.0"/>
</testsuite>